#
# There is insufficient memory for the Java Runtime Environment to continue.
# Native memory allocation (malloc) failed to allocate 1230736 bytes. Error detail: Chunk::new
# Possible reasons:
#   The system is out of physical RAM or swap space
#   This process is running with CompressedOops enabled, and the Java Heap may be blocking the growth of the native heap
# Possible solutions:
#   Reduce memory load on the system
#   Increase physical memory or swap space
#   Check if swap backing store is full
#   Decrease Java heap size (-Xmx/-Xms)
#   Decrease number of Java threads
#   Decrease Java thread stack sizes (-Xss)
#   Set larger code cache with -XX:ReservedCodeCacheSize=
#   JVM is running with Unscaled Compressed Oops mode in which the Java heap is
#     placed in the first 4GB address space. The Java Heap base address is the
#     maximum limit for the native heap growth. Please use -XX:HeapBaseMinAddress
#     to set the Java Heap base and to place the Java Heap above 4GB virtual address.
# This output file may be truncated or incomplete.
#
#  Out of Memory Error (arena.cpp:168), pid=4308, tid=10860
#
# JRE version: OpenJDK Runtime Environment (21.0.9) (build 21.0.9+-14787801-b1163.94)
# Java VM: OpenJDK 64-Bit Server VM (21.0.9+-14787801-b1163.94, mixed mode, tiered, compressed oops, compressed class ptrs, g1 gc, windows-amd64)
# No core dump will be written. Minidumps are not enabled by default on client versions of Windows
#

---------------  S U M M A R Y ------------

Command Line: org.jetbrains.kotlin.cli.jvm.K2JVMCompiler @D:\VERISION-EBRAHIM\the_MallAR-master\app\build\20260414_13780865959196259538.compiler.options

Host: 13th Gen Intel(R) Core(TM) i5-1335U, 12 cores, 7G,  Windows 11 , 64 bit Build 26100 (10.0.26100.7920)
Time: Tue Apr 14 00:51:51 2026 Egypt Standard Time elapsed time: 36.264879 seconds (0d 0h 0m 36s)

---------------  T H R E A D  ---------------

Current thread (0x0000024857583490):  JavaThread "C2 CompilerThread0" daemon [_thread_in_native, id=10860, stack(0x000000b99a200000,0x000000b99a300000) (1024K)]


Current CompileTask:
C2:36265 6546   !   4       org.jetbrains.kotlin.metadata.ProtoBuf$Type::<init> (875 bytes)

Stack: [0x000000b99a200000,0x000000b99a300000]
Native frames: (J=compiled Java code, j=interpreted, Vv=VM code, C=native code)
V  [jvm.dll+0x6d6c99]
V  [jvm.dll+0x866b83]
V  [jvm.dll+0x8691ae]
V  [jvm.dll+0x869893]
V  [jvm.dll+0x280776]
V  [jvm.dll+0xc07cd]
V  [jvm.dll+0xc0d03]
V  [jvm.dll+0x3b9831]
V  [jvm.dll+0x3856a7]
V  [jvm.dll+0x384b1a]
V  [jvm.dll+0x249462]
V  [jvm.dll+0x248a31]
V  [jvm.dll+0x1c7344]
V  [jvm.dll+0x2581ae]
V  [jvm.dll+0x2566f6]
V  [jvm.dll+0x3f48a6]
V  [jvm.dll+0x80f118]
V  [jvm.dll+0x6d54ed]
C  [ucrtbase.dll+0x37b0]
C  [KERNEL32.DLL+0x2e8d7]
C  [ntdll.dll+0x8c48c]


---------------  P R O C E S S  ---------------

Threads class SMR info:
_java_thread_list=0x00000248576ffd70, length=11, elements={
0x000002483d5d20f0, 0x0000024857559580, 0x000002485755cda0, 0x000002485755d800,
0x000002485757f7d0, 0x0000024857581240, 0x0000024857581ca0, 0x0000024857582700,
0x0000024857583490, 0x0000024857584aa0, 0x000002485772b440
}

Java Threads: ( => current thread )
  0x000002483d5d20f0 JavaThread "main"                              [_thread_in_Java, id=1840, stack(0x000000b999300000,0x000000b999400000) (1024K)]
  0x0000024857559580 JavaThread "Common-Cleaner"             daemon [_thread_blocked, id=13920, stack(0x000000b999b00000,0x000000b999c00000) (1024K)]
  0x000002485755cda0 JavaThread "Reference Handler"          daemon [_thread_blocked, id=16736, stack(0x000000b999c00000,0x000000b999d00000) (1024K)]
  0x000002485755d800 JavaThread "Finalizer"                  daemon [_thread_blocked, id=5316, stack(0x000000b999d00000,0x000000b999e00000) (1024K)]
  0x000002485757f7d0 JavaThread "Signal Dispatcher"          daemon [_thread_blocked, id=12248, stack(0x000000b999e00000,0x000000b999f00000) (1024K)]
  0x0000024857581240 JavaThread "Attach Listener"            daemon [_thread_blocked, id=2196, stack(0x000000b999f00000,0x000000b99a000000) (1024K)]
  0x0000024857581ca0 JavaThread "Service Thread"             daemon [_thread_blocked, id=2692, stack(0x000000b99a000000,0x000000b99a100000) (1024K)]
  0x0000024857582700 JavaThread "Monitor Deflation Thread"   daemon [_thread_blocked, id=4420, stack(0x000000b99a100000,0x000000b99a200000) (1024K)]
=>0x0000024857583490 JavaThread "C2 CompilerThread0"         daemon [_thread_in_native, id=10860, stack(0x000000b99a200000,0x000000b99a300000) (1024K)]
  0x0000024857584aa0 JavaThread "C1 CompilerThread0"         daemon [_thread_in_vm, id=10544, stack(0x000000b99a300000,0x000000b99a400000) (1024K)]
  0x000002485772b440 JavaThread "Notification Thread"        daemon [_thread_blocked, id=1200, stack(0x000000b99a400000,0x000000b99a500000) (1024K)]
Total: 11

Other Threads:
  0x00000248574db0a0 VMThread "VM Thread"                           [id=10024, stack(0x000000b999a00000,0x000000b999b00000) (1024K)]
  0x0000024857345440 WatcherThread "VM Periodic Task Thread"        [id=1368, stack(0x000000b999900000,0x000000b999a00000) (1024K)]
  0x000002483fa3cc20 WorkerThread "GC Thread#0"                     [id=14140, stack(0x000000b999400000,0x000000b999500000) (1024K)]
  0x000002485c320850 WorkerThread "GC Thread#1"                     [id=16876, stack(0x000000b99a500000,0x000000b99a600000) (1024K)]
  0x000002485c2f8d10 WorkerThread "GC Thread#2"                     [id=8316, stack(0x000000b99a600000,0x000000b99a700000) (1024K)]
  0x000002485c2f90b0 WorkerThread "GC Thread#3"                     [id=15396, stack(0x000000b99a700000,0x000000b99a800000) (1024K)]
  0x000002485c2f9450 WorkerThread "GC Thread#4"                     [id=2784, stack(0x000000b99a800000,0x000000b99a900000) (1024K)]
  0x000002485c2f97f0 WorkerThread "GC Thread#5"                     [id=9076, stack(0x000000b99a900000,0x000000b99aa00000) (1024K)]
  0x000002485c624720 WorkerThread "GC Thread#6"                     [id=17096, stack(0x000000b99aa00000,0x000000b99ab00000) (1024K)]
  0x000002485c624e60 WorkerThread "GC Thread#7"                     [id=7652, stack(0x000000b99ab00000,0x000000b99ac00000) (1024K)]
  0x000002485d0c26e0 WorkerThread "GC Thread#8"                     [id=6872, stack(0x000000b99ae00000,0x000000b99af00000) (1024K)]
  0x000002485d0c0640 WorkerThread "GC Thread#9"                     [id=7980, stack(0x000000b99af00000,0x000000b99b000000) (1024K)]
  0x000002483fa4d8a0 ConcurrentGCThread "G1 Main Marker"            [id=12636, stack(0x000000b999500000,0x000000b999600000) (1024K)]
  0x000002483fa4e3a0 WorkerThread "G1 Conc#0"                       [id=3388, stack(0x000000b999600000,0x000000b999700000) (1024K)]
  0x000002485c625200 WorkerThread "G1 Conc#1"                       [id=10020, stack(0x000000b99ac00000,0x000000b99ad00000) (1024K)]
  0x000002485c6255a0 WorkerThread "G1 Conc#2"                       [id=12748, stack(0x000000b99ad00000,0x000000b99ae00000) (1024K)]
  0x00000248572160c0 ConcurrentGCThread "G1 Refine#0"               [id=8484, stack(0x000000b999700000,0x000000b999800000) (1024K)]
  0x0000024857216ad0 ConcurrentGCThread "G1 Service"                [id=4188, stack(0x000000b999800000,0x000000b999900000) (1024K)]
Total: 18

Threads with active compile tasks:
C2 CompilerThread0  36353 6546   !   4       org.jetbrains.kotlin.metadata.ProtoBuf$Type::<init> (875 bytes)
C1 CompilerThread0  36353 6670       2       org.jetbrains.kotlin.fir.declarations.ExpectActualAttributesKt::getSingleMatchedExpectForActualOrNull (41 bytes)
Total: 2

VM state: not at safepoint (normal execution)

VM Mutex/Monitor currently owned by a thread: None

Heap address: 0x0000000085c00000, size: 1956 MB, Compressed Oops mode: 32-bit

CDS archive(s) not mapped
Compressed class space mapped at: 0x0000000100000000-0x0000000140000000, reserved size: 1073741824
Narrow klass base: 0x0000000000000000, Narrow klass shift: 3, Narrow klass range: 0x140000000

GC Precious Log:
 CardTable entry size: 512
 Card Set container configuration: InlinePtr #cards 5 size 8 Array Of Cards #cards 12 size 40 Howl #buckets 4 coarsen threshold 1843 Howl Bitmap #cards 512 size 80 coarsen threshold 460 Card regions per heap region 1 cards per card region 2048
 CPUs: 12 total, 12 available
 Memory: 7817M
 Large Page Support: Disabled
 NUMA Support: Disabled
 Compressed Oops: Enabled (32-bit)
 Heap Region Size: 1M
 Heap Min Capacity: 8M
 Heap Initial Capacity: 124M
 Heap Max Capacity: 1956M
 Pre-touch: Disabled
 Parallel Workers: 10
 Concurrent Workers: 3
 Concurrent Refinement Workers: 10
 Periodic GC: Disabled

Heap:
 garbage-first heap   total 189440K, used 105783K [0x0000000085c00000, 0x0000000100000000)
  region size 1024K, 16 young (16384K), 8 survivors (8192K)
 Metaspace       used 56663K, committed 56960K, reserved 1114112K
  class space    used 6524K, committed 6656K, reserved 1048576K

Heap Regions: E=young(eden), S=young(survivor), O=old, HS=humongous(starts), HC=humongous(continues), CS=collection set, F=free, TAMS=top-at-mark-start, PB=parsable bottom
|   0|0x0000000085c00000, 0x0000000085d00000, 0x0000000085d00000|100%|HS|  |TAMS 0x0000000085c00000| PB 0x0000000085c00000| Complete 
|   1|0x0000000085d00000, 0x0000000085e00000, 0x0000000085e00000|100%|HC|  |TAMS 0x0000000085d00000| PB 0x0000000085d00000| Complete 
|   2|0x0000000085e00000, 0x0000000085f00000, 0x0000000085f00000|100%|HC|  |TAMS 0x0000000085e00000| PB 0x0000000085e00000| Complete 
|   3|0x0000000085f00000, 0x0000000086000000, 0x0000000086000000|100%| O|  |TAMS 0x0000000085f00000| PB 0x0000000085f00000| Untracked 
|   4|0x0000000086000000, 0x0000000086100000, 0x0000000086100000|100%| O|  |TAMS 0x0000000086000000| PB 0x0000000086000000| Untracked 
|   5|0x0000000086100000, 0x00000000861de638, 0x0000000086200000| 86%| O|  |TAMS 0x0000000086100000| PB 0x0000000086100000| Untracked 
|   6|0x0000000086200000, 0x0000000086300000, 0x0000000086300000|100%| O|  |TAMS 0x0000000086200000| PB 0x0000000086200000| Untracked 
|   7|0x0000000086300000, 0x0000000086400000, 0x0000000086400000|100%| O|  |TAMS 0x0000000086300000| PB 0x0000000086300000| Untracked 
|   8|0x0000000086400000, 0x0000000086500000, 0x0000000086500000|100%| O|  |TAMS 0x0000000086400000| PB 0x0000000086400000| Untracked 
|   9|0x0000000086500000, 0x0000000086600000, 0x0000000086600000|100%| O|  |TAMS 0x0000000086500000| PB 0x0000000086500000| Untracked 
|  10|0x0000000086600000, 0x0000000086700000, 0x0000000086700000|100%| O|  |TAMS 0x0000000086600000| PB 0x0000000086600000| Untracked 
|  11|0x0000000086700000, 0x0000000086800000, 0x0000000086800000|100%| O|  |TAMS 0x0000000086700000| PB 0x0000000086700000| Untracked 
|  12|0x0000000086800000, 0x0000000086900000, 0x0000000086900000|100%| O|  |TAMS 0x0000000086800000| PB 0x0000000086800000| Untracked 
|  13|0x0000000086900000, 0x0000000086a00000, 0x0000000086a00000|100%| O|  |TAMS 0x0000000086900000| PB 0x0000000086900000| Untracked 
|  14|0x0000000086a00000, 0x0000000086b00000, 0x0000000086b00000|100%| O|  |TAMS 0x0000000086a00000| PB 0x0000000086a00000| Untracked 
|  15|0x0000000086b00000, 0x0000000086c00000, 0x0000000086c00000|100%| O|  |TAMS 0x0000000086b00000| PB 0x0000000086b00000| Untracked 
|  16|0x0000000086c00000, 0x0000000086d00000, 0x0000000086d00000|100%| O|  |TAMS 0x0000000086c00000| PB 0x0000000086c00000| Untracked 
|  17|0x0000000086d00000, 0x0000000086e00000, 0x0000000086e00000|100%| O|  |TAMS 0x0000000086d00000| PB 0x0000000086d00000| Untracked 
|  18|0x0000000086e00000, 0x0000000086f00000, 0x0000000086f00000|100%| O|  |TAMS 0x0000000086e00000| PB 0x0000000086e00000| Untracked 
|  19|0x0000000086f00000, 0x0000000087000000, 0x0000000087000000|100%| O|  |TAMS 0x0000000086f00000| PB 0x0000000086f00000| Untracked 
|  20|0x0000000087000000, 0x0000000087100000, 0x0000000087100000|100%| O|  |TAMS 0x0000000087000000| PB 0x0000000087000000| Untracked 
|  21|0x0000000087100000, 0x0000000087200000, 0x0000000087200000|100%| O|  |TAMS 0x0000000087100000| PB 0x0000000087100000| Untracked 
|  22|0x0000000087200000, 0x0000000087300000, 0x0000000087300000|100%| O|  |TAMS 0x0000000087200000| PB 0x0000000087200000| Untracked 
|  23|0x0000000087300000, 0x0000000087400000, 0x0000000087400000|100%| O|  |TAMS 0x0000000087300000| PB 0x0000000087300000| Untracked 
|  24|0x0000000087400000, 0x0000000087500000, 0x0000000087500000|100%| O|  |TAMS 0x0000000087400000| PB 0x0000000087400000| Untracked 
|  25|0x0000000087500000, 0x0000000087600000, 0x0000000087600000|100%| O|  |TAMS 0x0000000087500000| PB 0x0000000087500000| Untracked 
|  26|0x0000000087600000, 0x0000000087700000, 0x0000000087700000|100%| O|  |TAMS 0x0000000087600000| PB 0x0000000087600000| Untracked 
|  27|0x0000000087700000, 0x0000000087800000, 0x0000000087800000|100%| O|  |TAMS 0x0000000087700000| PB 0x0000000087700000| Untracked 
|  28|0x0000000087800000, 0x0000000087900000, 0x0000000087900000|100%| O|  |TAMS 0x0000000087800000| PB 0x0000000087800000| Untracked 
|  29|0x0000000087900000, 0x0000000087a00000, 0x0000000087a00000|100%| O|  |TAMS 0x0000000087900000| PB 0x0000000087900000| Untracked 
|  30|0x0000000087a00000, 0x0000000087b00000, 0x0000000087b00000|100%| O|  |TAMS 0x0000000087a00000| PB 0x0000000087a00000| Untracked 
|  31|0x0000000087b00000, 0x0000000087c00000, 0x0000000087c00000|100%| O|  |TAMS 0x0000000087b00000| PB 0x0000000087b00000| Untracked 
|  32|0x0000000087c00000, 0x0000000087d00000, 0x0000000087d00000|100%| O|  |TAMS 0x0000000087c00000| PB 0x0000000087c00000| Untracked 
|  33|0x0000000087d00000, 0x0000000087e00000, 0x0000000087e00000|100%| O|  |TAMS 0x0000000087d00000| PB 0x0000000087d00000| Untracked 
|  34|0x0000000087e00000, 0x0000000087f00000, 0x0000000087f00000|100%| O|  |TAMS 0x0000000087e00000| PB 0x0000000087e00000| Untracked 
|  35|0x0000000087f00000, 0x0000000088000000, 0x0000000088000000|100%| O|  |TAMS 0x0000000087f00000| PB 0x0000000087f00000| Untracked 
|  36|0x0000000088000000, 0x0000000088100000, 0x0000000088100000|100%| O|  |TAMS 0x0000000088000000| PB 0x0000000088000000| Untracked 
|  37|0x0000000088100000, 0x0000000088200000, 0x0000000088200000|100%| O|  |TAMS 0x0000000088100000| PB 0x0000000088100000| Untracked 
|  38|0x0000000088200000, 0x0000000088300000, 0x0000000088300000|100%| O|  |TAMS 0x0000000088200000| PB 0x0000000088200000| Untracked 
|  39|0x0000000088300000, 0x0000000088400000, 0x0000000088400000|100%| O|  |TAMS 0x0000000088300000| PB 0x0000000088300000| Untracked 
|  40|0x0000000088400000, 0x0000000088500000, 0x0000000088500000|100%|HS|  |TAMS 0x0000000088400000| PB 0x0000000088400000| Complete 
|  41|0x0000000088500000, 0x0000000088600000, 0x0000000088600000|100%| O|  |TAMS 0x0000000088500000| PB 0x0000000088500000| Untracked 
|  42|0x0000000088600000, 0x0000000088700000, 0x0000000088700000|100%| O|  |TAMS 0x0000000088600000| PB 0x0000000088600000| Untracked 
|  43|0x0000000088700000, 0x0000000088800000, 0x0000000088800000|100%| O|  |TAMS 0x0000000088700000| PB 0x0000000088700000| Untracked 
|  44|0x0000000088800000, 0x0000000088900000, 0x0000000088900000|100%| O|  |TAMS 0x0000000088800000| PB 0x0000000088800000| Untracked 
|  45|0x0000000088900000, 0x0000000088a00000, 0x0000000088a00000|100%| O|  |TAMS 0x0000000088900000| PB 0x0000000088900000| Untracked 
|  46|0x0000000088a00000, 0x0000000088b00000, 0x0000000088b00000|100%| O|  |TAMS 0x0000000088a00000| PB 0x0000000088a00000| Untracked 
|  47|0x0000000088b00000, 0x0000000088c00000, 0x0000000088c00000|100%| O|  |TAMS 0x0000000088b00000| PB 0x0000000088b00000| Untracked 
|  48|0x0000000088c00000, 0x0000000088d00000, 0x0000000088d00000|100%| O|  |TAMS 0x0000000088c00000| PB 0x0000000088c00000| Untracked 
|  49|0x0000000088d00000, 0x0000000088e00000, 0x0000000088e00000|100%| O|  |TAMS 0x0000000088d00000| PB 0x0000000088d00000| Untracked 
|  50|0x0000000088e00000, 0x0000000088f00000, 0x0000000088f00000|100%| O|  |TAMS 0x0000000088e00000| PB 0x0000000088e00000| Untracked 
|  51|0x0000000088f00000, 0x0000000089000000, 0x0000000089000000|100%| O|  |TAMS 0x0000000088f00000| PB 0x0000000088f00000| Untracked 
|  52|0x0000000089000000, 0x0000000089100000, 0x0000000089100000|100%| O|  |TAMS 0x0000000089000000| PB 0x0000000089000000| Untracked 
|  53|0x0000000089100000, 0x0000000089200000, 0x0000000089200000|100%| O|  |TAMS 0x0000000089100000| PB 0x0000000089100000| Untracked 
|  54|0x0000000089200000, 0x0000000089300000, 0x0000000089300000|100%| O|  |TAMS 0x0000000089200000| PB 0x0000000089200000| Untracked 
|  55|0x0000000089300000, 0x0000000089300000, 0x0000000089400000|  0%| F|  |TAMS 0x0000000089300000| PB 0x0000000089300000| Untracked 
|  56|0x0000000089400000, 0x0000000089500000, 0x0000000089500000|100%| O|  |TAMS 0x0000000089400000| PB 0x0000000089400000| Untracked 
|  57|0x0000000089500000, 0x0000000089600000, 0x0000000089600000|100%| O|  |TAMS 0x0000000089500000| PB 0x0000000089500000| Untracked 
|  58|0x0000000089600000, 0x0000000089700000, 0x0000000089700000|100%| O|  |TAMS 0x0000000089600000| PB 0x0000000089600000| Untracked 
|  59|0x0000000089700000, 0x0000000089700000, 0x0000000089800000|  0%| F|  |TAMS 0x0000000089700000| PB 0x0000000089700000| Untracked 
|  60|0x0000000089800000, 0x0000000089900000, 0x0000000089900000|100%| O|  |TAMS 0x0000000089800000| PB 0x0000000089800000| Untracked 
|  61|0x0000000089900000, 0x0000000089a00000, 0x0000000089a00000|100%| O|  |TAMS 0x0000000089900000| PB 0x0000000089900000| Untracked 
|  62|0x0000000089a00000, 0x0000000089b00000, 0x0000000089b00000|100%| O|  |TAMS 0x0000000089a00000| PB 0x0000000089a00000| Untracked 
|  63|0x0000000089b00000, 0x0000000089c00000, 0x0000000089c00000|100%| O|  |TAMS 0x0000000089b00000| PB 0x0000000089b00000| Untracked 
|  64|0x0000000089c00000, 0x0000000089d00000, 0x0000000089d00000|100%| O|  |TAMS 0x0000000089c00000| PB 0x0000000089c00000| Untracked 
|  65|0x0000000089d00000, 0x0000000089e00000, 0x0000000089e00000|100%| O|  |TAMS 0x0000000089d00000| PB 0x0000000089d00000| Untracked 
|  66|0x0000000089e00000, 0x0000000089f00000, 0x0000000089f00000|100%| O|  |TAMS 0x0000000089e00000| PB 0x0000000089e00000| Untracked 
|  67|0x0000000089f00000, 0x000000008a000000, 0x000000008a000000|100%| O|  |TAMS 0x0000000089f00000| PB 0x0000000089f00000| Untracked 
|  68|0x000000008a000000, 0x000000008a100000, 0x000000008a100000|100%| O|  |TAMS 0x000000008a000000| PB 0x000000008a000000| Untracked 
|  69|0x000000008a100000, 0x000000008a200000, 0x000000008a200000|100%| O|  |TAMS 0x000000008a100000| PB 0x000000008a100000| Untracked 
|  70|0x000000008a200000, 0x000000008a300000, 0x000000008a300000|100%| O|  |TAMS 0x000000008a200000| PB 0x000000008a200000| Untracked 
|  71|0x000000008a300000, 0x000000008a400000, 0x000000008a400000|100%| O|  |TAMS 0x000000008a300000| PB 0x000000008a300000| Untracked 
|  72|0x000000008a400000, 0x000000008a500000, 0x000000008a500000|100%| O|  |TAMS 0x000000008a400000| PB 0x000000008a400000| Untracked 
|  73|0x000000008a500000, 0x000000008a600000, 0x000000008a600000|100%| O|  |TAMS 0x000000008a500000| PB 0x000000008a500000| Untracked 
|  74|0x000000008a600000, 0x000000008a700000, 0x000000008a700000|100%| O|  |TAMS 0x000000008a600000| PB 0x000000008a600000| Untracked 
|  75|0x000000008a700000, 0x000000008a800000, 0x000000008a800000|100%| O|  |TAMS 0x000000008a700000| PB 0x000000008a700000| Untracked 
|  76|0x000000008a800000, 0x000000008a900000, 0x000000008a900000|100%| O|  |TAMS 0x000000008a800000| PB 0x000000008a800000| Untracked 
|  77|0x000000008a900000, 0x000000008aa00000, 0x000000008aa00000|100%| O|  |TAMS 0x000000008a900000| PB 0x000000008a900000| Untracked 
|  78|0x000000008aa00000, 0x000000008ab00000, 0x000000008ab00000|100%| O|  |TAMS 0x000000008aa00000| PB 0x000000008aa00000| Untracked 
|  79|0x000000008ab00000, 0x000000008ac00000, 0x000000008ac00000|100%| O|  |TAMS 0x000000008ab00000| PB 0x000000008ab00000| Untracked 
|  80|0x000000008ac00000, 0x000000008ad00000, 0x000000008ad00000|100%| O|  |TAMS 0x000000008ac00000| PB 0x000000008ac00000| Untracked 
|  81|0x000000008ad00000, 0x000000008ae00000, 0x000000008ae00000|100%| O|  |TAMS 0x000000008ad00000| PB 0x000000008ad00000| Untracked 
|  82|0x000000008ae00000, 0x000000008af00000, 0x000000008af00000|100%| O|  |TAMS 0x000000008ae00000| PB 0x000000008ae00000| Untracked 
|  83|0x000000008af00000, 0x000000008b000000, 0x000000008b000000|100%| O|  |TAMS 0x000000008af00000| PB 0x000000008af00000| Untracked 
|  84|0x000000008b000000, 0x000000008b100000, 0x000000008b100000|100%| O|  |TAMS 0x000000008b000000| PB 0x000000008b000000| Untracked 
|  85|0x000000008b100000, 0x000000008b200000, 0x000000008b200000|100%| O|  |TAMS 0x000000008b100000| PB 0x000000008b100000| Untracked 
|  86|0x000000008b200000, 0x000000008b300000, 0x000000008b300000|100%| O|  |TAMS 0x000000008b200000| PB 0x000000008b200000| Untracked 
|  87|0x000000008b300000, 0x000000008b36f840, 0x000000008b400000| 43%| O|  |TAMS 0x000000008b300000| PB 0x000000008b300000| Untracked 
|  88|0x000000008b400000, 0x000000008b400000, 0x000000008b500000|  0%| F|  |TAMS 0x000000008b400000| PB 0x000000008b400000| Untracked 
|  89|0x000000008b500000, 0x000000008b500000, 0x000000008b600000|  0%| F|  |TAMS 0x000000008b500000| PB 0x000000008b500000| Untracked 
|  90|0x000000008b600000, 0x000000008b600000, 0x000000008b700000|  0%| F|  |TAMS 0x000000008b600000| PB 0x000000008b600000| Untracked 
|  91|0x000000008b700000, 0x000000008b700000, 0x000000008b800000|  0%| F|  |TAMS 0x000000008b700000| PB 0x000000008b700000| Untracked 
|  92|0x000000008b800000, 0x000000008b800000, 0x000000008b900000|  0%| F|  |TAMS 0x000000008b800000| PB 0x000000008b800000| Untracked 
|  93|0x000000008b900000, 0x000000008b900000, 0x000000008ba00000|  0%| F|  |TAMS 0x000000008b900000| PB 0x000000008b900000| Untracked 
|  94|0x000000008ba00000, 0x000000008ba00000, 0x000000008bb00000|  0%| F|  |TAMS 0x000000008ba00000| PB 0x000000008ba00000| Untracked 
|  95|0x000000008bb00000, 0x000000008bb00000, 0x000000008bc00000|  0%| F|  |TAMS 0x000000008bb00000| PB 0x000000008bb00000| Untracked 
|  96|0x000000008bc00000, 0x000000008bc00000, 0x000000008bd00000|  0%| F|  |TAMS 0x000000008bc00000| PB 0x000000008bc00000| Untracked 
|  97|0x000000008bd00000, 0x000000008bd00000, 0x000000008be00000|  0%| F|  |TAMS 0x000000008bd00000| PB 0x000000008bd00000| Untracked 
|  98|0x000000008be00000, 0x000000008be00000, 0x000000008bf00000|  0%| F|  |TAMS 0x000000008be00000| PB 0x000000008be00000| Untracked 
|  99|0x000000008bf00000, 0x000000008bf00000, 0x000000008c000000|  0%| F|  |TAMS 0x000000008bf00000| PB 0x000000008bf00000| Untracked 
| 100|0x000000008c000000, 0x000000008c000000, 0x000000008c100000|  0%| F|  |TAMS 0x000000008c000000| PB 0x000000008c000000| Untracked 
| 101|0x000000008c100000, 0x000000008c100000, 0x000000008c200000|  0%| F|  |TAMS 0x000000008c100000| PB 0x000000008c100000| Untracked 
| 102|0x000000008c200000, 0x000000008c200000, 0x000000008c300000|  0%| F|  |TAMS 0x000000008c200000| PB 0x000000008c200000| Untracked 
| 103|0x000000008c300000, 0x000000008c300000, 0x000000008c400000|  0%| F|  |TAMS 0x000000008c300000| PB 0x000000008c300000| Untracked 
| 104|0x000000008c400000, 0x000000008c400000, 0x000000008c500000|  0%| F|  |TAMS 0x000000008c400000| PB 0x000000008c400000| Untracked 
| 105|0x000000008c500000, 0x000000008c500000, 0x000000008c600000|  0%| F|  |TAMS 0x000000008c500000| PB 0x000000008c500000| Untracked 
| 106|0x000000008c600000, 0x000000008c600000, 0x000000008c700000|  0%| F|  |TAMS 0x000000008c600000| PB 0x000000008c600000| Untracked 
| 107|0x000000008c700000, 0x000000008c700000, 0x000000008c800000|  0%| F|  |TAMS 0x000000008c700000| PB 0x000000008c700000| Untracked 
| 108|0x000000008c800000, 0x000000008c800000, 0x000000008c900000|  0%| F|  |TAMS 0x000000008c800000| PB 0x000000008c800000| Untracked 
| 109|0x000000008c900000, 0x000000008c900000, 0x000000008ca00000|  0%| F|  |TAMS 0x000000008c900000| PB 0x000000008c900000| Untracked 
| 110|0x000000008ca00000, 0x000000008ca00000, 0x000000008cb00000|  0%| F|  |TAMS 0x000000008ca00000| PB 0x000000008ca00000| Untracked 
| 111|0x000000008cb00000, 0x000000008cb00000, 0x000000008cc00000|  0%| F|  |TAMS 0x000000008cb00000| PB 0x000000008cb00000| Untracked 
| 112|0x000000008cc00000, 0x000000008cc00000, 0x000000008cd00000|  0%| F|  |TAMS 0x000000008cc00000| PB 0x000000008cc00000| Untracked 
| 113|0x000000008cd00000, 0x000000008cd00000, 0x000000008ce00000|  0%| F|  |TAMS 0x000000008cd00000| PB 0x000000008cd00000| Untracked 
| 114|0x000000008ce00000, 0x000000008ce00000, 0x000000008cf00000|  0%| F|  |TAMS 0x000000008ce00000| PB 0x000000008ce00000| Untracked 
| 115|0x000000008cf00000, 0x000000008cf00000, 0x000000008d000000|  0%| F|  |TAMS 0x000000008cf00000| PB 0x000000008cf00000| Untracked 
| 116|0x000000008d000000, 0x000000008d000000, 0x000000008d100000|  0%| F|  |TAMS 0x000000008d000000| PB 0x000000008d000000| Untracked 
| 117|0x000000008d100000, 0x000000008d100000, 0x000000008d200000|  0%| F|  |TAMS 0x000000008d100000| PB 0x000000008d100000| Untracked 
| 118|0x000000008d200000, 0x000000008d200000, 0x000000008d300000|  0%| F|  |TAMS 0x000000008d200000| PB 0x000000008d200000| Untracked 
| 119|0x000000008d300000, 0x000000008d300000, 0x000000008d400000|  0%| F|  |TAMS 0x000000008d300000| PB 0x000000008d300000| Untracked 
| 120|0x000000008d400000, 0x000000008d400000, 0x000000008d500000|  0%| F|  |TAMS 0x000000008d400000| PB 0x000000008d400000| Untracked 
| 121|0x000000008d500000, 0x000000008d600000, 0x000000008d600000|100%| S|CS|TAMS 0x000000008d500000| PB 0x000000008d500000| Complete 
| 122|0x000000008d600000, 0x000000008d700000, 0x000000008d700000|100%| S|CS|TAMS 0x000000008d600000| PB 0x000000008d600000| Complete 
| 123|0x000000008d700000, 0x000000008d800000, 0x000000008d800000|100%| S|CS|TAMS 0x000000008d700000| PB 0x000000008d700000| Complete 
| 124|0x000000008d800000, 0x000000008d900000, 0x000000008d900000|100%| S|CS|TAMS 0x000000008d800000| PB 0x000000008d800000| Complete 
| 125|0x000000008d900000, 0x000000008da00000, 0x000000008da00000|100%| S|CS|TAMS 0x000000008d900000| PB 0x000000008d900000| Complete 
| 126|0x000000008da00000, 0x000000008db00000, 0x000000008db00000|100%| S|CS|TAMS 0x000000008da00000| PB 0x000000008da00000| Complete 
| 127|0x000000008db00000, 0x000000008dc00000, 0x000000008dc00000|100%| S|CS|TAMS 0x000000008db00000| PB 0x000000008db00000| Complete 
| 128|0x000000008dc00000, 0x000000008dd00000, 0x000000008dd00000|100%| S|CS|TAMS 0x000000008dc00000| PB 0x000000008dc00000| Complete 
| 129|0x000000008dd00000, 0x000000008dd00000, 0x000000008de00000|  0%| F|  |TAMS 0x000000008dd00000| PB 0x000000008dd00000| Untracked 
| 130|0x000000008de00000, 0x000000008de00000, 0x000000008df00000|  0%| F|  |TAMS 0x000000008de00000| PB 0x000000008de00000| Untracked 
| 131|0x000000008df00000, 0x000000008df00000, 0x000000008e000000|  0%| F|  |TAMS 0x000000008df00000| PB 0x000000008df00000| Untracked 
| 132|0x000000008e000000, 0x000000008e000000, 0x000000008e100000|  0%| F|  |TAMS 0x000000008e000000| PB 0x000000008e000000| Untracked 
| 133|0x000000008e100000, 0x000000008e100000, 0x000000008e200000|  0%| F|  |TAMS 0x000000008e100000| PB 0x000000008e100000| Untracked 
| 134|0x000000008e200000, 0x000000008e200000, 0x000000008e300000|  0%| F|  |TAMS 0x000000008e200000| PB 0x000000008e200000| Untracked 
| 135|0x000000008e300000, 0x000000008e300000, 0x000000008e400000|  0%| F|  |TAMS 0x000000008e300000| PB 0x000000008e300000| Untracked 
| 136|0x000000008e400000, 0x000000008e400000, 0x000000008e500000|  0%| F|  |TAMS 0x000000008e400000| PB 0x000000008e400000| Untracked 
| 137|0x000000008e500000, 0x000000008e500000, 0x000000008e600000|  0%| F|  |TAMS 0x000000008e500000| PB 0x000000008e500000| Untracked 
| 138|0x000000008e600000, 0x000000008e600000, 0x000000008e700000|  0%| F|  |TAMS 0x000000008e600000| PB 0x000000008e600000| Untracked 
| 139|0x000000008e700000, 0x000000008e700000, 0x000000008e800000|  0%| F|  |TAMS 0x000000008e700000| PB 0x000000008e700000| Untracked 
| 140|0x000000008e800000, 0x000000008e800000, 0x000000008e900000|  0%| F|  |TAMS 0x000000008e800000| PB 0x000000008e800000| Untracked 
| 141|0x000000008e900000, 0x000000008e900000, 0x000000008ea00000|  0%| F|  |TAMS 0x000000008e900000| PB 0x000000008e900000| Untracked 
| 142|0x000000008ea00000, 0x000000008ea00000, 0x000000008eb00000|  0%| F|  |TAMS 0x000000008ea00000| PB 0x000000008ea00000| Untracked 
| 143|0x000000008eb00000, 0x000000008eb00000, 0x000000008ec00000|  0%| F|  |TAMS 0x000000008eb00000| PB 0x000000008eb00000| Untracked 
| 144|0x000000008ec00000, 0x000000008ec00000, 0x000000008ed00000|  0%| F|  |TAMS 0x000000008ec00000| PB 0x000000008ec00000| Untracked 
| 145|0x000000008ed00000, 0x000000008ed00000, 0x000000008ee00000|  0%| F|  |TAMS 0x000000008ed00000| PB 0x000000008ed00000| Untracked 
| 146|0x000000008ee00000, 0x000000008ee00000, 0x000000008ef00000|  0%| F|  |TAMS 0x000000008ee00000| PB 0x000000008ee00000| Untracked 
| 147|0x000000008ef00000, 0x000000008ef00000, 0x000000008f000000|  0%| F|  |TAMS 0x000000008ef00000| PB 0x000000008ef00000| Untracked 
| 148|0x000000008f000000, 0x000000008f000000, 0x000000008f100000|  0%| F|  |TAMS 0x000000008f000000| PB 0x000000008f000000| Untracked 
| 149|0x000000008f100000, 0x000000008f100000, 0x000000008f200000|  0%| F|  |TAMS 0x000000008f100000| PB 0x000000008f100000| Untracked 
| 150|0x000000008f200000, 0x000000008f200000, 0x000000008f300000|  0%| F|  |TAMS 0x000000008f200000| PB 0x000000008f200000| Untracked 
| 151|0x000000008f300000, 0x000000008f300000, 0x000000008f400000|  0%| F|  |TAMS 0x000000008f300000| PB 0x000000008f300000| Untracked 
| 152|0x000000008f400000, 0x000000008f400000, 0x000000008f500000|  0%| F|  |TAMS 0x000000008f400000| PB 0x000000008f400000| Untracked 
| 153|0x000000008f500000, 0x000000008f500000, 0x000000008f600000|  0%| F|  |TAMS 0x000000008f500000| PB 0x000000008f500000| Untracked 
| 154|0x000000008f600000, 0x000000008f600000, 0x000000008f700000|  0%| F|  |TAMS 0x000000008f600000| PB 0x000000008f600000| Untracked 
| 155|0x000000008f700000, 0x000000008f700000, 0x000000008f800000|  0%| F|  |TAMS 0x000000008f700000| PB 0x000000008f700000| Untracked 
| 156|0x000000008f800000, 0x000000008f800000, 0x000000008f900000|  0%| F|  |TAMS 0x000000008f800000| PB 0x000000008f800000| Untracked 
| 157|0x000000008f900000, 0x000000008f900000, 0x000000008fa00000|  0%| F|  |TAMS 0x000000008f900000| PB 0x000000008f900000| Untracked 
| 158|0x000000008fa00000, 0x000000008fa00000, 0x000000008fb00000|  0%| F|  |TAMS 0x000000008fa00000| PB 0x000000008fa00000| Untracked 
| 159|0x000000008fb00000, 0x000000008fb00000, 0x000000008fc00000|  0%| F|  |TAMS 0x000000008fb00000| PB 0x000000008fb00000| Untracked 
| 160|0x000000008fc00000, 0x000000008fc00000, 0x000000008fd00000|  0%| F|  |TAMS 0x000000008fc00000| PB 0x000000008fc00000| Untracked 
| 161|0x000000008fd00000, 0x000000008fd00000, 0x000000008fe00000|  0%| F|  |TAMS 0x000000008fd00000| PB 0x000000008fd00000| Untracked 
| 162|0x000000008fe00000, 0x000000008fe00000, 0x000000008ff00000|  0%| F|  |TAMS 0x000000008fe00000| PB 0x000000008fe00000| Untracked 
| 163|0x000000008ff00000, 0x000000008ff00000, 0x0000000090000000|  0%| F|  |TAMS 0x000000008ff00000| PB 0x000000008ff00000| Untracked 
| 164|0x0000000090000000, 0x0000000090000000, 0x0000000090100000|  0%| F|  |TAMS 0x0000000090000000| PB 0x0000000090000000| Untracked 
| 165|0x0000000090100000, 0x0000000090100000, 0x0000000090200000|  0%| F|  |TAMS 0x0000000090100000| PB 0x0000000090100000| Untracked 
| 166|0x0000000090200000, 0x0000000090200000, 0x0000000090300000|  0%| F|  |TAMS 0x0000000090200000| PB 0x0000000090200000| Untracked 
| 167|0x0000000090300000, 0x0000000090300000, 0x0000000090400000|  0%| F|  |TAMS 0x0000000090300000| PB 0x0000000090300000| Untracked 
| 168|0x0000000090400000, 0x0000000090400000, 0x0000000090500000|  0%| F|  |TAMS 0x0000000090400000| PB 0x0000000090400000| Untracked 
| 169|0x0000000090500000, 0x0000000090500000, 0x0000000090600000|  0%| F|  |TAMS 0x0000000090500000| PB 0x0000000090500000| Untracked 
| 170|0x0000000090600000, 0x0000000090600000, 0x0000000090700000|  0%| F|  |TAMS 0x0000000090600000| PB 0x0000000090600000| Untracked 
| 171|0x0000000090700000, 0x0000000090700000, 0x0000000090800000|  0%| F|  |TAMS 0x0000000090700000| PB 0x0000000090700000| Untracked 
| 172|0x0000000090800000, 0x0000000090800000, 0x0000000090900000|  0%| F|  |TAMS 0x0000000090800000| PB 0x0000000090800000| Untracked 
| 173|0x0000000090900000, 0x0000000090980000, 0x0000000090a00000| 50%| E|  |TAMS 0x0000000090900000| PB 0x0000000090900000| Complete 
| 174|0x0000000090a00000, 0x0000000090b00000, 0x0000000090b00000|100%| E|CS|TAMS 0x0000000090a00000| PB 0x0000000090a00000| Complete 
| 175|0x0000000090b00000, 0x0000000090c00000, 0x0000000090c00000|100%| E|CS|TAMS 0x0000000090b00000| PB 0x0000000090b00000| Complete 
| 176|0x0000000090c00000, 0x0000000090d00000, 0x0000000090d00000|100%| E|CS|TAMS 0x0000000090c00000| PB 0x0000000090c00000| Complete 
| 177|0x0000000090d00000, 0x0000000090e00000, 0x0000000090e00000|100%| E|CS|TAMS 0x0000000090d00000| PB 0x0000000090d00000| Complete 
| 178|0x0000000090e00000, 0x0000000090f00000, 0x0000000090f00000|100%| E|CS|TAMS 0x0000000090e00000| PB 0x0000000090e00000| Complete 
| 179|0x0000000090f00000, 0x0000000091000000, 0x0000000091000000|100%| E|CS|TAMS 0x0000000090f00000| PB 0x0000000090f00000| Complete 
| 180|0x0000000091000000, 0x0000000091100000, 0x0000000091100000|100%| E|CS|TAMS 0x0000000091000000| PB 0x0000000091000000| Complete 
|1952|0x00000000ffc00000, 0x00000000ffd00000, 0x00000000ffd00000|100%| O|  |TAMS 0x00000000ffc00000| PB 0x00000000ffc00000| Untracked 
|1953|0x00000000ffd00000, 0x00000000ffe00000, 0x00000000ffe00000|100%| E|CS|TAMS 0x00000000ffd00000| PB 0x00000000ffd00000| Complete 
|1954|0x00000000ffe00000, 0x00000000fff00000, 0x00000000fff00000|100%| O|  |TAMS 0x00000000ffe00000| PB 0x00000000ffe00000| Untracked 
|1955|0x00000000fff00000, 0x0000000100000000, 0x0000000100000000|100%| O|  |TAMS 0x00000000fff00000| PB 0x00000000fff00000| Untracked 

Card table byte_map: [0x0000024852480000,0x0000024852860000] _byte_map_base: 0x0000024852052000

Marking Bits: (CMBitMap*) 0x000002483fa3d330
 Bits: [0x0000024852860000, 0x00000248546f0000)

Polling page: 0x000002483d8d0000

Metaspace:

Usage:
  Non-class:     48.97 MB used.
      Class:      6.37 MB used.
       Both:     55.34 MB used.

Virtual space:
  Non-class space:       64.00 MB reserved,      49.12 MB ( 77%) committed,  1 nodes.
      Class space:        1.00 GB reserved,       6.50 MB ( <1%) committed,  1 nodes.
             Both:        1.06 GB reserved,      55.62 MB (  5%) committed. 

Chunk freelists:
   Non-Class:  14.64 MB
       Class:  9.50 MB
        Both:  24.14 MB

MaxMetaspaceSize: unlimited
CompressedClassSpaceSize: 1.00 GB
Initial GC threshold: 21.00 MB
Current GC threshold: 89.81 MB
CDS: off
 - commit_granule_bytes: 65536.
 - commit_granule_words: 8192.
 - virtual_space_node_default_size: 8388608.
 - enlarge_chunks_in_place: 1.
 - use_allocation_guard: 0.


Internal statistics:

num_allocs_failed_limit: 9.
num_arena_births: 256.
num_arena_deaths: 0.
num_vsnodes_births: 2.
num_vsnodes_deaths: 0.
num_space_committed: 889.
num_space_uncommitted: 0.
num_chunks_returned_to_freelist: 9.
num_chunks_taken_from_freelist: 1910.
num_chunk_merges: 9.
num_chunk_splits: 1615.
num_chunks_enlarged: 1475.
num_inconsistent_stats: 0.

CodeHeap 'non-profiled nmethods': size=120000Kb used=2770Kb max_used=2770Kb free=117229Kb
 bounds [0x000002484a620000, 0x000002484a8e0000, 0x0000024851b50000]
CodeHeap 'profiled nmethods': size=120000Kb used=14755Kb max_used=14755Kb free=105244Kb
 bounds [0x0000024842b50000, 0x00000248439c0000, 0x000002484a080000]
CodeHeap 'non-nmethods': size=5760Kb used=1506Kb max_used=1554Kb free=4253Kb
 bounds [0x000002484a080000, 0x000002484a2f0000, 0x000002484a620000]
CodeCache: size=245760Kb, used=19031Kb, max_used=19079Kb, free=226726Kb
 total_blobs=6661, nmethods=5993, adapters=571, full_count=0
Compilation: enabled, stopped_count=0, restarted_count=0

Compilation events (20 events):
Event: 35.235 Thread 0x0000024857584aa0 nmethod 6628 0x0000024843984790 code [0x0000024843984c40, 0x0000024843986390]
Event: 35.235 Thread 0x0000024857584aa0 6631       3       java.util.HashMap::putAll (7 bytes)
Event: 35.235 Thread 0x0000024857584aa0 nmethod 6631 0x0000024843987090 code [0x0000024843987240, 0x0000024843987380]
Event: 35.235 Thread 0x0000024857584aa0 6630       3       org.jetbrains.kotlin.fir.resolve.calls.tower.MemberScopeTowerLevel::processPropertiesByName (37 bytes)
Event: 35.238 Thread 0x0000024857584aa0 nmethod 6630 0x0000024843987410 code [0x0000024843987920, 0x0000024843989c28]
Event: 35.238 Thread 0x0000024857584aa0 6626       2       org.jetbrains.kotlin.fir.types.ConeTypeContext::upperBoundCount (57 bytes)
Event: 35.239 Thread 0x0000024857584aa0 nmethod 6626 0x000002484398a990 code [0x000002484398abc0, 0x000002484398b078]
Event: 35.239 Thread 0x0000024857584aa0 6632       2       org.jetbrains.kotlin.fir.resolve.calls.overloads.FirOverloadByLambdaReturnTypeResolver::reduceCandidates (47 bytes)
Event: 35.240 Thread 0x0000024857584aa0 nmethod 6632 0x000002484398b390 code [0x000002484398b620, 0x000002484398bca8]
Event: 35.240 Thread 0x0000024857584aa0 6637       3       org.jetbrains.kotlin.fir.resolve.dfa.cfg.ControlFlowGraphBuilder::getCurrentGraph (11 bytes)
Event: 35.241 Thread 0x0000024857584aa0 nmethod 6637 0x000002484398c110 code [0x000002484398c2e0, 0x000002484398c6b8]
Event: 35.241 Thread 0x0000024857584aa0 6635       2       org.jetbrains.kotlin.fir.resolve.calls.FirCallResolver::reduceCandidates$chooseMostSpecific (44 bytes)
Event: 35.241 Thread 0x0000024857584aa0 nmethod 6635 0x000002484398c810 code [0x000002484398ca40, 0x000002484398cf10]
Event: 35.241 Thread 0x0000024857584aa0 6634       2       org.jetbrains.kotlin.fir.resolve.calls.stages.CheckLambdaAgainstTypeVariableContradiction::check (103 bytes)
Event: 35.243 Thread 0x0000024857584aa0 nmethod 6634 0x000002484398d210 code [0x000002484398d540, 0x000002484398df88]
Event: 35.243 Thread 0x0000024857584aa0 6638       2       org.jetbrains.kotlin.fir.types.ConeTypeContext::isStarProjection (33 bytes)
Event: 35.244 Thread 0x0000024857584aa0 nmethod 6638 0x000002484398e690 code [0x000002484398e8a0, 0x000002484398ec90]
Event: 35.244 Thread 0x0000024857584aa0 6625       2       org.jetbrains.kotlin.fir.resolve.calls.candidate.Candidate::updateSourcesOfReceivers (197 bytes)
Event: 35.246 Thread 0x0000024857584aa0 nmethod 6625 0x000002484398ef10 code [0x000002484398f1c0, 0x000002484398fb88]
Event: 35.246 Thread 0x0000024857584aa0 6622       2       org.jetbrains.kotlin.fir.resolve.dfa.FirDataFlowAnalyzer::processConditionalContract (1437 bytes)

GC Heap History (20 events):
Event: 29.095 GC heap before
{Heap before GC invocations=20 (full 0):
 garbage-first heap   total 65536K, used 49017K [0x0000000085c00000, 0x0000000100000000)
  region size 1024K, 14 young (14336K), 3 survivors (3072K)
 Metaspace       used 50004K, committed 50304K, reserved 1114112K
  class space    used 5851K, committed 6016K, reserved 1048576K
}
Event: 29.107 GC heap after
{Heap after GC invocations=21 (full 0):
 garbage-first heap   total 65536K, used 41738K [0x0000000085c00000, 0x0000000100000000)
  region size 1024K, 2 young (2048K), 2 survivors (2048K)
 Metaspace       used 50004K, committed 50304K, reserved 1114112K
  class space    used 5851K, committed 6016K, reserved 1048576K
}
Event: 29.655 GC heap before
{Heap before GC invocations=21 (full 0):
 garbage-first heap   total 65536K, used 55050K [0x0000000085c00000, 0x0000000100000000)
  region size 1024K, 15 young (15360K), 2 survivors (2048K)
 Metaspace       used 52479K, committed 52736K, reserved 1114112K
  class space    used 6143K, committed 6272K, reserved 1048576K
}
Event: 29.665 GC heap after
{Heap after GC invocations=22 (full 0):
 garbage-first heap   total 65536K, used 43673K [0x0000000085c00000, 0x0000000100000000)
  region size 1024K, 2 young (2048K), 2 survivors (2048K)
 Metaspace       used 52479K, committed 52736K, reserved 1114112K
  class space    used 6143K, committed 6272K, reserved 1048576K
}
Event: 29.781 GC heap before
{Heap before GC invocations=22 (full 0):
 garbage-first heap   total 65536K, used 47769K [0x0000000085c00000, 0x0000000100000000)
  region size 1024K, 7 young (7168K), 2 survivors (2048K)
 Metaspace       used 52928K, committed 53184K, reserved 1114112K
  class space    used 6192K, committed 6336K, reserved 1048576K
}
Event: 29.789 GC heap after
{Heap after GC invocations=23 (full 0):
 garbage-first heap   total 86016K, used 44975K [0x0000000085c00000, 0x0000000100000000)
  region size 1024K, 2 young (2048K), 2 survivors (2048K)
 Metaspace       used 52928K, committed 53184K, reserved 1114112K
  class space    used 6192K, committed 6336K, reserved 1048576K
}
Event: 29.914 GC heap before
{Heap before GC invocations=23 (full 0):
 garbage-first heap   total 86016K, used 70575K [0x0000000085c00000, 0x0000000100000000)
  region size 1024K, 27 young (27648K), 2 survivors (2048K)
 Metaspace       used 52972K, committed 53248K, reserved 1114112K
  class space    used 6192K, committed 6336K, reserved 1048576K
}
Event: 29.934 GC heap after
{Heap after GC invocations=24 (full 0):
 garbage-first heap   total 86016K, used 55161K [0x0000000085c00000, 0x0000000100000000)
  region size 1024K, 4 young (4096K), 4 survivors (4096K)
 Metaspace       used 52972K, committed 53248K, reserved 1114112K
  class space    used 6192K, committed 6336K, reserved 1048576K
}
Event: 30.730 GC heap before
{Heap before GC invocations=24 (full 0):
 garbage-first heap   total 86016K, used 71545K [0x0000000085c00000, 0x0000000100000000)
  region size 1024K, 21 young (21504K), 4 survivors (4096K)
 Metaspace       used 54089K, committed 54400K, reserved 1114112K
  class space    used 6306K, committed 6464K, reserved 1048576K
}
Event: 30.746 GC heap after
{Heap after GC invocations=25 (full 0):
 garbage-first heap   total 86016K, used 59226K [0x0000000085c00000, 0x0000000100000000)
  region size 1024K, 3 young (3072K), 3 survivors (3072K)
 Metaspace       used 54089K, committed 54400K, reserved 1114112K
  class space    used 6306K, committed 6464K, reserved 1048576K
}
Event: 31.665 GC heap before
{Heap before GC invocations=26 (full 0):
 garbage-first heap   total 99328K, used 74586K [0x0000000085c00000, 0x0000000100000000)
  region size 1024K, 18 young (18432K), 3 survivors (3072K)
 Metaspace       used 54836K, committed 55168K, reserved 1114112K
  class space    used 6401K, committed 6528K, reserved 1048576K
}
Event: 31.680 GC heap after
{Heap after GC invocations=27 (full 0):
 garbage-first heap   total 99328K, used 61889K [0x0000000085c00000, 0x0000000100000000)
  region size 1024K, 3 young (3072K), 3 survivors (3072K)
 Metaspace       used 54836K, committed 55168K, reserved 1114112K
  class space    used 6401K, committed 6528K, reserved 1048576K
}
Event: 31.806 GC heap before
{Heap before GC invocations=27 (full 0):
 garbage-first heap   total 99328K, used 84417K [0x0000000085c00000, 0x0000000100000000)
  region size 1024K, 25 young (25600K), 3 survivors (3072K)
 Metaspace       used 54837K, committed 55168K, reserved 1114112K
  class space    used 6401K, committed 6528K, reserved 1048576K
}
Event: 31.821 GC heap after
{Heap after GC invocations=28 (full 0):
 garbage-first heap   total 99328K, used 66227K [0x0000000085c00000, 0x0000000100000000)
  region size 1024K, 4 young (4096K), 4 survivors (4096K)
 Metaspace       used 54837K, committed 55168K, reserved 1114112K
  class space    used 6401K, committed 6528K, reserved 1048576K
}
Event: 31.899 GC heap before
{Heap before GC invocations=28 (full 0):
 garbage-first heap   total 99328K, used 86707K [0x0000000085c00000, 0x0000000100000000)
  region size 1024K, 24 young (24576K), 4 survivors (4096K)
 Metaspace       used 54837K, committed 55168K, reserved 1114112K
  class space    used 6401K, committed 6528K, reserved 1048576K
}
Event: 31.911 GC heap after
{Heap after GC invocations=29 (full 0):
 garbage-first heap   total 189440K, used 71450K [0x0000000085c00000, 0x0000000100000000)
  region size 1024K, 3 young (3072K), 3 survivors (3072K)
 Metaspace       used 54837K, committed 55168K, reserved 1114112K
  class space    used 6401K, committed 6528K, reserved 1048576K
}
Event: 33.335 GC heap before
{Heap before GC invocations=30 (full 0):
 garbage-first heap   total 189440K, used 144154K [0x0000000085c00000, 0x0000000100000000)
  region size 1024K, 74 young (75776K), 3 survivors (3072K)
 Metaspace       used 54837K, committed 55168K, reserved 1114112K
  class space    used 6401K, committed 6528K, reserved 1048576K
}
Event: 33.350 GC heap after
{Heap after GC invocations=31 (full 0):
 garbage-first heap   total 189440K, used 89977K [0x0000000085c00000, 0x0000000100000000)
  region size 1024K, 10 young (10240K), 10 survivors (10240K)
 Metaspace       used 54837K, committed 55168K, reserved 1114112K
  class space    used 6401K, committed 6528K, reserved 1048576K
}
Event: 35.083 GC heap before
{Heap before GC invocations=31 (full 0):
 garbage-first heap   total 189440K, used 144249K [0x0000000085c00000, 0x0000000100000000)
  region size 1024K, 63 young (64512K), 10 survivors (10240K)
 Metaspace       used 56422K, committed 56704K, reserved 1114112K
  class space    used 6514K, committed 6656K, reserved 1048576K
}
Event: 35.103 GC heap after
{Heap after GC invocations=32 (full 0):
 garbage-first heap   total 189440K, used 98615K [0x0000000085c00000, 0x0000000100000000)
  region size 1024K, 8 young (8192K), 8 survivors (8192K)
 Metaspace       used 56422K, committed 56704K, reserved 1114112K
  class space    used 6514K, committed 6656K, reserved 1048576K
}

Dll operation events (3 events):
Event: 0.031 Loaded shared library C:\Program Files\Android\Android Studio1\jbr\bin\java.dll
Event: 0.440 Loaded shared library C:\Program Files\Android\Android Studio1\jbr\bin\zip.dll
Event: 18.610 Loaded shared library C:\Program Files\Android\Android Studio1\jbr\bin\verify.dll

Deoptimization events (20 events):
Event: 34.772 Thread 0x000002483d5d20f0 Uncommon trap: trap_request=0xffffffcc fr.pc=0x000002484a8af468 relative=0x0000000000000228
Event: 34.772 Thread 0x000002483d5d20f0 Uncommon trap: reason=intrinsic_or_type_checked_inlining action=make_not_entrant pc=0x000002484a8af468 method=java.util.ArrayList.toArray([Ljava/lang/Object;)[Ljava/lang/Object; @ 36 c2
Event: 34.772 Thread 0x000002483d5d20f0 DEOPT PACKING pc=0x000002484a8af468 sp=0x000000b9993f4b80
Event: 34.772 Thread 0x000002483d5d20f0 DEOPT UNPACKING pc=0x000002484a0d43a2 sp=0x000000b9993f4b20 mode 2
Event: 34.806 Thread 0x000002483d5d20f0 Uncommon trap: trap_request=0xffffffdc fr.pc=0x000002484a8b2ee0 relative=0x00000000000002a0
Event: 34.806 Thread 0x000002483d5d20f0 Uncommon trap: reason=class_check action=make_not_entrant pc=0x000002484a8b2ee0 method=java.util.ArrayList.toArray([Ljava/lang/Object;)[Ljava/lang/Object; @ 21 c2
Event: 34.806 Thread 0x000002483d5d20f0 DEOPT PACKING pc=0x000002484a8b2ee0 sp=0x000000b9993f2650
Event: 34.806 Thread 0x000002483d5d20f0 DEOPT UNPACKING pc=0x000002484a0d43a2 sp=0x000000b9993f2610 mode 2
Event: 35.112 Thread 0x000002483d5d20f0 Uncommon trap: trap_request=0xffffff45 fr.pc=0x000002484a7872d0 relative=0x0000000000000950
Event: 35.113 Thread 0x000002483d5d20f0 Uncommon trap: reason=unstable_if action=reinterpret pc=0x000002484a7872d0 method=org.jetbrains.org.objectweb.asm.ClassReader.readUtf(II[C)Ljava/lang/String; @ 69 c2
Event: 35.113 Thread 0x000002483d5d20f0 DEOPT PACKING pc=0x000002484a7872d0 sp=0x000000b9993eeca0
Event: 35.113 Thread 0x000002483d5d20f0 DEOPT UNPACKING pc=0x000002484a0d43a2 sp=0x000000b9993eebb0 mode 2
Event: 35.113 Thread 0x000002483d5d20f0 Uncommon trap: trap_request=0xffffff45 fr.pc=0x000002484a75772c relative=0x00000000000003ec
Event: 35.113 Thread 0x000002483d5d20f0 Uncommon trap: reason=unstable_if action=reinterpret pc=0x000002484a75772c method=java.lang.StringUTF16.compress([CII)[B @ 13 c2
Event: 35.113 Thread 0x000002483d5d20f0 DEOPT PACKING pc=0x000002484a75772c sp=0x000000b9993eea60
Event: 35.113 Thread 0x000002483d5d20f0 DEOPT UNPACKING pc=0x000002484a0d43a2 sp=0x000000b9993ee9a0 mode 2
Event: 35.170 Thread 0x000002483d5d20f0 Uncommon trap: trap_request=0xffffff45 fr.pc=0x000002484a83ac90 relative=0x0000000000005d30
Event: 35.170 Thread 0x000002483d5d20f0 Uncommon trap: reason=unstable_if action=reinterpret pc=0x000002484a83ac90 method=org.jetbrains.kotlin.metadata.ProtoBuf$Function.<init>(Lorg/jetbrains/kotlin/protobuf/CodedInputStream;Lorg/jetbrains/kotlin/protobuf/ExtensionRegistryLite;)V @ 851 c2
Event: 35.170 Thread 0x000002483d5d20f0 DEOPT PACKING pc=0x000002484a83ac90 sp=0x000000b9993f0990
Event: 35.170 Thread 0x000002483d5d20f0 DEOPT UNPACKING pc=0x000002484a0d43a2 sp=0x000000b9993f0948 mode 2

Classes loaded (20 events):
Event: 27.649 Loading class java/lang/Deprecated
Event: 27.649 Loading class java/lang/Deprecated done
Event: 27.649 Loading class java/lang/Override
Event: 27.650 Loading class java/lang/Override done
Event: 28.006 Loading class java/text/StringCharacterIterator
Event: 28.007 Loading class java/text/CharacterIterator
Event: 28.007 Loading class java/text/CharacterIterator done
Event: 28.007 Loading class java/text/StringCharacterIterator done
Event: 28.415 Loading class java/util/ArrayList$SubList$1
Event: 28.416 Loading class java/util/ArrayList$SubList$1 done
Event: 28.540 Loading class java/util/AbstractList$ListItr
Event: 28.541 Loading class java/util/AbstractList$ListItr done
Event: 29.644 Loading class java/util/AbstractList$RandomAccessSubList
Event: 29.644 Loading class java/util/AbstractList$SubList
Event: 29.645 Loading class java/util/AbstractList$SubList done
Event: 29.645 Loading class java/util/AbstractList$RandomAccessSubList done
Event: 29.646 Loading class java/util/AbstractList$SubList$1
Event: 29.646 Loading class java/util/AbstractList$SubList$1 done
Event: 30.293 Loading class java/util/AbstractMap$SimpleImmutableEntry
Event: 30.294 Loading class java/util/AbstractMap$SimpleImmutableEntry done

Classes unloaded (0 events):
No events

Classes redefined (0 events):
No events

Internal exceptions (20 events):
Event: 24.769 Thread 0x000002483d5d20f0 Exception <a 'java/lang/NoSuchMethodError'{0x000000008d549cf0}: 'java.lang.Object java.lang.invoke.DirectMethodHandle$Holder.newInvokeSpecial(java.lang.Object, java.lang.Object, java.lang.Object, java.lang.Object, java.lang.Object, java.lang.Object, java.lang.Object)'> (0x000000008d549cf0) 
thrown [s\src\hotspot\share\interpreter\linkResolver.cpp, line 784]
Event: 25.668 Thread 0x000002483d5d20f0 Exception <a 'java/lang/NoSuchMethodError'{0x0000000087ee3ad8}: 'java.lang.Object java.lang.invoke.DirectMethodHandle$Holder.invokeVirtual(java.lang.Object, java.lang.Object, java.lang.Object)'> (0x0000000087ee3ad8) 
thrown [s\src\hotspot\share\interpreter\linkResolver.cpp, line 784]
Event: 26.125 Thread 0x000002483d5d20f0 Exception <a 'java/lang/NoSuchMethodError'{0x0000000087c55058}: 'java.lang.Object java.lang.invoke.DirectMethodHandle$Holder.newInvokeSpecial(java.lang.Object, java.lang.Object, int)'> (0x0000000087c55058) 
thrown [s\src\hotspot\share\interpreter\linkResolver.cpp, line 784]
Event: 26.693 Thread 0x000002483d5d20f0 Implicit null exception at 0x000002484a661d5a to 0x000002484a661e58
Event: 27.582 Thread 0x000002483d5d20f0 Exception <a 'java/lang/NoSuchMethodError'{0x0000000087e59a08}: 'java.lang.Object java.lang.invoke.DirectMethodHandle$Holder.newInvokeSpecial(java.lang.Object, java.lang.Object, java.lang.Object, int, java.lang.Object)'> (0x0000000087e59a08) 
thrown [s\src\hotspot\share\interpreter\linkResolver.cpp, line 784]
Event: 27.800 Thread 0x000002483d5d20f0 Implicit null exception at 0x000002484a766909 to 0x000002484a767184
Event: 27.801 Thread 0x000002483d5d20f0 Implicit null exception at 0x000002484a75f198 to 0x000002484a75f358
Event: 30.055 Thread 0x000002483d5d20f0 Exception <a 'java/lang/NoSuchMethodError'{0x000000008d5040f8}: 'java.lang.Object java.lang.invoke.DirectMethodHandle$Holder.newInvokeSpecial(java.lang.Object, java.lang.Object, java.lang.Object, java.lang.Object, int)'> (0x000000008d5040f8) 
thrown [s\src\hotspot\share\interpreter\linkResolver.cpp, line 784]
Event: 30.057 Thread 0x000002483d5d20f0 Exception <a 'java/lang/NoSuchMethodError'{0x000000008d508500}: 'java.lang.Object java.lang.invoke.DirectMethodHandle$Holder.invokeSpecial(java.lang.Object, java.lang.Object, java.lang.Object, java.lang.Object, java.lang.Object, int)'> (0x000000008d508500) 
thrown [s\src\hotspot\share\interpreter\linkResolver.cpp, line 784]
Event: 30.057 Thread 0x000002483d5d20f0 Exception <a 'java/lang/NoSuchMethodError'{0x000000008d50c240}: 'java.lang.Object java.lang.invoke.Invokers$Holder.linkToTargetMethod(java.lang.Object, java.lang.Object, java.lang.Object, int, java.lang.Object)'> (0x000000008d50c240) 
thrown [s\src\hotspot\share\interpreter\linkResolver.cpp, line 784]
Event: 30.161 Thread 0x000002483d5d20f0 Exception <a 'java/lang/NoSuchMethodError'{0x000000008c11f628}: 'java.lang.Object java.lang.invoke.DirectMethodHandle$Holder.newInvokeSpecial(java.lang.Object, java.lang.Object, java.lang.Object, java.lang.Object, int, java.lang.Object, java.lang.Object)'> (0x000000008c11f628) 
thrown [s\src\hotspot\share\interpreter\linkResolver.cpp, line 784]
Event: 30.162 Thread 0x000002483d5d20f0 Exception <a 'java/lang/NoSuchMethodError'{0x000000008c1277c8}: 'java.lang.Object java.lang.invoke.Invokers$Holder.linkToTargetMethod(java.lang.Object, java.lang.Object, java.lang.Object, int, java.lang.Object, java.lang.Object, java.lang.Object)'> (0x000000008c1277c8) 
thrown [s\src\hotspot\share\interpreter\linkResolver.cpp, line 784]
Event: 31.085 Thread 0x000002483d5d20f0 Exception <a 'java/lang/NoSuchMethodError'{0x000000008d733d98}: 'java.lang.Object java.lang.invoke.DirectMethodHandle$Holder.newInvokeSpecial(java.lang.Object, java.lang.Object, java.lang.Object, java.lang.Object, java.lang.Object, java.lang.Object, java.lang.Object, java.lang.Object, java.lang.Object)'> (0x000000008d733d98) 
thrown [s\src\hotspot\share\interpreter\linkResolver.cpp, line 784]
Event: 31.094 Thread 0x000002483d5d20f0 Exception <a 'java/lang/NoSuchMethodError'{0x000000008d747ea0}: 'java.lang.Object java.lang.invoke.DirectMethodHandle$Holder.newInvokeSpecial(java.lang.Object, java.lang.Object, java.lang.Object, int)'> (0x000000008d747ea0) 
thrown [s\src\hotspot\share\interpreter\linkResolver.cpp, line 784]
Event: 31.094 Thread 0x000002483d5d20f0 Exception <a 'java/lang/NoSuchMethodError'{0x000000008d74bce0}: 'java.lang.Object java.lang.invoke.DirectMethodHandle$Holder.invokeSpecial(java.lang.Object, java.lang.Object, java.lang.Object, java.lang.Object, int)'> (0x000000008d74bce0) 
thrown [s\src\hotspot\share\interpreter\linkResolver.cpp, line 784]
Event: 31.095 Thread 0x000002483d5d20f0 Exception <a 'java/lang/NoSuchMethodError'{0x000000008d74f438}: 'java.lang.Object java.lang.invoke.Invokers$Holder.linkToTargetMethod(java.lang.Object, java.lang.Object, int, java.lang.Object)'> (0x000000008d74f438) 
thrown [s\src\hotspot\share\interpreter\linkResolver.cpp, line 784]
Event: 31.165 Thread 0x000002483d5d20f0 Exception <a 'java/lang/NoSuchMethodError'{0x000000008d75f6b8}: 'java.lang.Object java.lang.invoke.DirectMethodHandle$Holder.newInvokeSpecial(java.lang.Object, int, java.lang.Object)'> (0x000000008d75f6b8) 
thrown [s\src\hotspot\share\interpreter\linkResolver.cpp, line 784]
Event: 31.188 Thread 0x000002483d5d20f0 Exception <a 'java/lang/NoSuchMethodError'{0x000000008d7a4da0}: 'java.lang.Object java.lang.invoke.DirectMethodHandle$Holder.invokeSpecial(java.lang.Object, java.lang.Object, int, java.lang.Object, java.lang.Object)'> (0x000000008d7a4da0) 
thrown [s\src\hotspot\share\interpreter\linkResolver.cpp, line 784]
Event: 31.197 Thread 0x000002483d5d20f0 Exception <a 'java/lang/NoSuchMethodError'{0x000000008d7c1f38}: 'java.lang.Object java.lang.invoke.DirectMethodHandle$Holder.invokeStatic(java.lang.Object, int, java.lang.Object, java.lang.Object)'> (0x000000008d7c1f38) 
thrown [s\src\hotspot\share\interpreter\linkResolver.cpp, line 784]
Event: 31.415 Thread 0x000002483d5d20f0 Exception <a 'java/lang/NoSuchMethodError'{0x000000008bd46678}: 'java.lang.Object java.lang.invoke.DirectMethodHandle$Holder.invokeStatic(java.lang.Object, java.lang.Object, java.lang.Object, int, java.lang.Object, java.lang.Object)'> (0x000000008bd46678) 
thrown [s\src\hotspot\share\interpreter\linkResolver.cpp, line 784]

ZGC Phase Switch (0 events):
No events

VM Operations (20 events):
Event: 33.964 Executing VM operation: ICBufferFull done
Event: 34.201 Executing VM operation: HandshakeAllThreads (Deoptimize)
Event: 34.201 Executing VM operation: HandshakeAllThreads (Deoptimize) done
Event: 34.224 Executing VM operation: ICBufferFull
Event: 34.225 Executing VM operation: ICBufferFull done
Event: 34.438 Executing VM operation: HandshakeAllThreads (Deoptimize)
Event: 34.438 Executing VM operation: HandshakeAllThreads (Deoptimize) done
Event: 34.441 Executing VM operation: HandshakeAllThreads (Deoptimize)
Event: 34.441 Executing VM operation: HandshakeAllThreads (Deoptimize) done
Event: 34.450 Executing VM operation: HandshakeAllThreads (Deoptimize)
Event: 34.450 Executing VM operation: HandshakeAllThreads (Deoptimize) done
Event: 34.538 Executing VM operation: ICBufferFull
Event: 34.538 Executing VM operation: ICBufferFull done
Event: 34.796 Executing VM operation: ICBufferFull
Event: 34.796 Executing VM operation: ICBufferFull done
Event: 34.911 Executing VM operation: ICBufferFull
Event: 34.911 Executing VM operation: ICBufferFull done
Event: 35.083 Executing VM operation: G1CollectForAllocation (G1 Evacuation Pause)
Event: 35.103 Executing VM operation: G1CollectForAllocation (G1 Evacuation Pause) done
Event: 36.115 Executing VM operation: Cleanup

Memory protections (0 events):
No events

Nmethod flushes (20 events):
Event: 31.971 Thread 0x00000248574db0a0 flushing  nmethod 0x0000024843072190
Event: 31.971 Thread 0x00000248574db0a0 flushing  nmethod 0x0000024843090390
Event: 31.971 Thread 0x00000248574db0a0 flushing  nmethod 0x00000248431cfc90
Event: 31.971 Thread 0x00000248574db0a0 flushing  nmethod 0x000002484a6f1910
Event: 31.971 Thread 0x00000248574db0a0 flushing  nmethod 0x000002484a7b7710
Event: 31.971 Thread 0x00000248574db0a0 flushing  nmethod 0x0000024842c0d090
Event: 31.971 Thread 0x00000248574db0a0 flushing  nmethod 0x0000024842cd8e90
Event: 31.971 Thread 0x00000248574db0a0 flushing  nmethod 0x0000024842d66410
Event: 31.971 Thread 0x00000248574db0a0 flushing  nmethod 0x0000024842dfee90
Event: 31.971 Thread 0x00000248574db0a0 flushing  nmethod 0x0000024842e7a010
Event: 31.971 Thread 0x00000248574db0a0 flushing  nmethod 0x0000024842e90a90
Event: 31.971 Thread 0x00000248574db0a0 flushing  nmethod 0x0000024842ec1490
Event: 31.971 Thread 0x00000248574db0a0 flushing  nmethod 0x0000024842fb8d90
Event: 31.971 Thread 0x00000248574db0a0 flushing  nmethod 0x0000024842fd3410
Event: 31.971 Thread 0x00000248574db0a0 flushing  nmethod 0x0000024842fe4810
Event: 31.971 Thread 0x00000248574db0a0 flushing  nmethod 0x0000024842ff1490
Event: 31.971 Thread 0x00000248574db0a0 flushing  nmethod 0x000002484301ab90
Event: 31.971 Thread 0x00000248574db0a0 flushing  nmethod 0x0000024843020b10
Event: 31.971 Thread 0x00000248574db0a0 flushing  nmethod 0x00000248431d8690
Event: 31.971 Thread 0x00000248574db0a0 flushing  nmethod 0x00000248431dae90

Events (15 events):
Event: 0.253 Thread 0x000002483d5d20f0 Thread added: 0x000002483d5d20f0
Event: 1.034 Thread 0x000002483d5d20f0 Thread added: 0x0000024857559580
Event: 1.205 Thread 0x000002483d5d20f0 Thread added: 0x000002485755cda0
Event: 1.205 Thread 0x000002483d5d20f0 Thread added: 0x000002485755d800
Event: 1.364 Thread 0x000002483d5d20f0 Thread added: 0x000002485757f7d0
Event: 1.371 Thread 0x000002483d5d20f0 Thread added: 0x0000024857581240
Event: 1.372 Thread 0x000002483d5d20f0 Thread added: 0x0000024857581ca0
Event: 1.372 Thread 0x000002483d5d20f0 Thread added: 0x0000024857582700
Event: 1.372 Thread 0x000002483d5d20f0 Thread added: 0x0000024857583490
Event: 1.372 Thread 0x000002483d5d20f0 Thread added: 0x0000024857584aa0
Event: 2.141 Thread 0x000002483d5d20f0 Thread added: 0x000002485772b440
Event: 2.372 Loaded shared library C:\Program Files\Android\Android Studio1\jbr\bin\net.dll
Event: 2.930 Loaded shared library C:\Program Files\Android\Android Studio1\jbr\bin\nio.dll
Event: 3.373 Loaded shared library C:\Program Files\Android\Android Studio1\jbr\bin\zip.dll
Event: 4.598 Loaded shared library C:\Program Files\Android\Android Studio1\jbr\bin\jimage.dll


Dynamic libraries:
0x00007ff736660000 - 0x00007ff73666a000 	C:\Program Files\Android\Android Studio1\jbr\bin\java.exe
0x00007ffa980a0000 - 0x00007ffa98307000 	C:\WINDOWS\SYSTEM32\ntdll.dll
0x00007ffa96a50000 - 0x00007ffa96b19000 	C:\WINDOWS\System32\KERNEL32.DLL
0x00007ffa94db0000 - 0x00007ffa951a1000 	C:\WINDOWS\System32\KERNELBASE.dll
0x00007ffa94980000 - 0x00007ffa94acb000 	C:\WINDOWS\System32\ucrtbase.dll
0x00007ffa86970000 - 0x00007ffa86988000 	C:\Program Files\Android\Android Studio1\jbr\bin\jli.dll
0x00007ffa95e40000 - 0x00007ffa96005000 	C:\WINDOWS\System32\USER32.dll
0x00007ffa94d80000 - 0x00007ffa94da7000 	C:\WINDOWS\System32\win32u.dll
0x00007ffa96bd0000 - 0x00007ffa96bfb000 	C:\WINDOWS\System32\GDI32.dll
0x00007ffa95d10000 - 0x00007ffa95e3b000 	C:\WINDOWS\System32\gdi32full.dll
0x00007ffa94ad0000 - 0x00007ffa94b73000 	C:\WINDOWS\System32\msvcp_win.dll
0x00007ffa606e0000 - 0x00007ffa606fb000 	C:\Program Files\Android\Android Studio1\jbr\bin\VCRUNTIME140.dll
0x00007ffa79790000 - 0x00007ffa79a23000 	C:\WINDOWS\WinSxS\amd64_microsoft.windows.common-controls_6595b64144ccf1df_6.0.26100.8037_none_3e092faae333b53b\COMCTL32.dll
0x00007ffa97e60000 - 0x00007ffa97f09000 	C:\WINDOWS\System32\msvcrt.dll
0x00007ffa96f00000 - 0x00007ffa96f31000 	C:\WINDOWS\System32\IMM32.DLL
0x00007ffa86920000 - 0x00007ffa8692c000 	C:\Program Files\Android\Android Studio1\jbr\bin\vcruntime140_1.dll
0x00007ffa69db0000 - 0x00007ffa69e3d000 	C:\Program Files\Android\Android Studio1\jbr\bin\msvcp140.dll
0x00007ffa01050000 - 0x00007ffa01ce6000 	C:\Program Files\Android\Android Studio1\jbr\bin\server\jvm.dll
0x00007ffa97d20000 - 0x00007ffa97ddb000 	C:\WINDOWS\System32\ADVAPI32.dll
0x00007ffa96b20000 - 0x00007ffa96bc7000 	C:\WINDOWS\System32\sechost.dll
0x00007ffa96700000 - 0x00007ffa96818000 	C:\WINDOWS\System32\RPCRT4.dll
0x00007ffa969d0000 - 0x00007ffa96a44000 	C:\WINDOWS\System32\WS2_32.dll
0x00007ffa947e0000 - 0x00007ffa9483e000 	C:\WINDOWS\SYSTEM32\POWRPROF.dll
0x00007ffa8c950000 - 0x00007ffa8c985000 	C:\WINDOWS\SYSTEM32\WINMM.dll
0x00007ffa84bd0000 - 0x00007ffa84bdb000 	C:\WINDOWS\SYSTEM32\VERSION.dll
0x00007ffa947c0000 - 0x00007ffa947d4000 	C:\WINDOWS\SYSTEM32\UMPDC.dll
0x00007ffa936d0000 - 0x00007ffa936eb000 	C:\WINDOWS\SYSTEM32\kernel.appcore.dll
0x00007ffa80ac0000 - 0x00007ffa80aca000 	C:\Program Files\Android\Android Studio1\jbr\bin\jimage.dll
0x00007ffa92900000 - 0x00007ffa92b42000 	C:\WINDOWS\SYSTEM32\DBGHELP.DLL
0x00007ffa96080000 - 0x00007ffa96402000 	C:\WINDOWS\System32\combase.dll
0x00007ffa96d20000 - 0x00007ffa96df7000 	C:\WINDOWS\System32\OLEAUT32.dll
0x00007ffa6a720000 - 0x00007ffa6a75b000 	C:\WINDOWS\SYSTEM32\dbgcore.DLL
0x00007ffa94cd0000 - 0x00007ffa94d75000 	C:\WINDOWS\System32\bcryptPrimitives.dll
0x00007ffa5f3c0000 - 0x00007ffa5f3e0000 	C:\Program Files\Android\Android Studio1\jbr\bin\java.dll
0x00007ffa5f200000 - 0x00007ffa5f218000 	C:\Program Files\Android\Android Studio1\jbr\bin\zip.dll
0x00007ffa975b0000 - 0x00007ffa97d0f000 	C:\WINDOWS\System32\SHELL32.dll
0x00007ffa95a20000 - 0x00007ffa95b8a000 	C:\WINDOWS\System32\wintypes.dll
0x00007ffa951b0000 - 0x00007ffa95a14000 	C:\WINDOWS\System32\windows.storage.dll
0x00007ffa97f40000 - 0x00007ffa98037000 	C:\WINDOWS\System32\SHCORE.dll
0x00007ffa973e0000 - 0x00007ffa97447000 	C:\WINDOWS\System32\shlwapi.dll
0x00007ffa948a0000 - 0x00007ffa948c9000 	C:\WINDOWS\SYSTEM32\profapi.dll
0x00007ffa7fcb0000 - 0x00007ffa7fcc0000 	C:\Program Files\Android\Android Studio1\jbr\bin\net.dll
0x00007ffa871a0000 - 0x00007ffa872c7000 	C:\WINDOWS\SYSTEM32\WINHTTP.dll
0x00007ffa93c20000 - 0x00007ffa93c8b000 	C:\WINDOWS\system32\mswsock.dll
0x00007ffa5edf0000 - 0x00007ffa5ee06000 	C:\Program Files\Android\Android Studio1\jbr\bin\nio.dll
0x00007ffa68580000 - 0x00007ffa68590000 	C:\Program Files\Android\Android Studio1\jbr\bin\verify.dll

JVMTI agents: none

dbghelp: loaded successfully - version: 4.0.5 - missing functions: none
symbol engine: initialized successfully - sym options: 0x614 - pdb path: .;C:\Program Files\Android\Android Studio1\jbr\bin;C:\WINDOWS\SYSTEM32;C:\WINDOWS\WinSxS\amd64_microsoft.windows.common-controls_6595b64144ccf1df_6.0.26100.8037_none_3e092faae333b53b;C:\Program Files\Android\Android Studio1\jbr\bin\server

VM Arguments:
java_command: org.jetbrains.kotlin.cli.jvm.K2JVMCompiler @D:\VERISION-EBRAHIM\the_MallAR-master\app\build\20260414_13780865959196259538.compiler.options
java_class_path (initial): C:\Users\Asus\.gradle\caches\modules-2\files-2.1\org.jetbrains.kotlin\kotlin-compiler-embeddable\2.0.21\79346ed53db48b18312a472602eb5c057070c54d\kotlin-compiler-embeddable-2.0.21.jar;C:\Users\Asus\.gradle\caches\modules-2\files-2.1\org.jetbrains.kotlin\kotlin-stdlib\2.0.21\618b539767b4899b4660a83006e052b63f1db551\kotlin-stdlib-2.0.21.jar;C:\Users\Asus\.gradle\caches\modules-2\files-2.1\org.jetbrains.kotlin\kotlin-script-runtime\2.0.21\c9b044380ad41f89aa89aa896c2d32a8c0b2129d\kotlin-script-runtime-2.0.21.jar;C:\Users\Asus\.gradle\caches\modules-2\files-2.1\org.jetbrains.kotlin\kotlin-reflect\1.6.10\1cbe9c92c12a94eea200d23c2bbaedaf3daf5132\kotlin-reflect-1.6.10.jar;C:\Users\Asus\.gradle\caches\modules-2\files-2.1\org.jetbrains.kotlin\kotlin-daemon-embeddable\2.0.21\c9e933b23287de9b5a17e2116b4657bb91aea72c\kotlin-daemon-embeddable-2.0.21.jar;C:\Users\Asus\.gradle\caches\modules-2\files-2.1\org.jetbrains.intellij.deps\trove4j\1.0.20200330\3afb14d5f9ceb459d724e907a21145e8ff394f02\trove4j-1.0.20200330.jar;C:\Users\Asus\.gradle\caches\modules-2\files-2.1\org.jetbrains.kotlinx\kotlinx-coroutines-core-jvm\1.6.4\2c997cd1c0ef33f3e751d3831929aeff1390cb30\kotlinx-coroutines-core-jvm-1.6.4.jar;C:\Users\Asus\.gradle\caches\modules-2\files-2.1\org.jetbrains\annotations\13.0\919f0dfe192fb4e063e7dacadee7f8bb9a2672a9\annotations-13.0.jar
Launcher Type: SUN_STANDARD

[Global flags]
     intx CICompilerCount                          = 4                                         {product} {ergonomic}
     uint ConcGCThreads                            = 3                                         {product} {ergonomic}
     uint G1ConcRefinementThreads                  = 10                                        {product} {ergonomic}
   size_t G1HeapRegionSize                         = 1048576                                   {product} {ergonomic}
    uintx GCDrainStackTargetSize                   = 64                                        {product} {ergonomic}
   size_t InitialHeapSize                          = 130023424                                 {product} {ergonomic}
   size_t MarkStackSize                            = 4194304                                   {product} {ergonomic}
   size_t MaxHeapSize                              = 2051014656                                {product} {ergonomic}
   size_t MaxNewSize                               = 1229979648                                {product} {ergonomic}
   size_t MinHeapDeltaBytes                        = 1048576                                   {product} {ergonomic}
   size_t MinHeapSize                              = 8388608                                   {product} {ergonomic}
    uintx NonNMethodCodeHeapSize                   = 5839372                                {pd product} {ergonomic}
    uintx NonProfiledCodeHeapSize                  = 122909434                              {pd product} {ergonomic}
    uintx ProfiledCodeHeapSize                     = 122909434                              {pd product} {ergonomic}
    uintx ReservedCodeCacheSize                    = 251658240                              {pd product} {ergonomic}
     bool SegmentedCodeCache                       = true                                      {product} {ergonomic}
   size_t SoftMaxHeapSize                          = 2051014656                             {manageable} {ergonomic}
     bool UseCompressedOops                        = true                           {product lp64_product} {ergonomic}
     bool UseG1GC                                  = true                                      {product} {ergonomic}
     bool UseLargePagesIndividualAllocation        = false                                  {pd product} {ergonomic}

Logging:
Log output configuration:
 #0: stdout all=warning uptime,level,tags foldmultilines=false
 #1: stderr all=off uptime,level,tags foldmultilines=false

Release file:
JAVA_VERSION="21.0.9" 
MODULES="java.base java.compiler java.datatransfer java.xml java.prefs java.desktop java.instrument java.logging java.management java.security.sasl java.naming java.rmi java.management.rmi java.net.http java.scripting java.security.jgss java.transaction.xa java.sql java.sql.rowset java.xml.crypto java.se java.smartcardio jdk.accessibility jdk.internal.jvmstat jdk.attach jdk.charsets jdk.internal.opt jdk.zipfs jdk.compiler jdk.crypto.ec jdk.crypto.cryptoki jdk.dynalink jdk.hotspot.agent jdk.httpserver jdk.internal.ed jdk.internal.le jdk.internal.vm.ci jdk.jartool jdk.javadoc jdk.jcmd jdk.jdeps jdk.jdwp.agent jdk.jdi jdk.jfr jdk.jlink jdk.jsobject jdk.localedata jdk.management jdk.management.agent jdk.management.jfr jdk.naming.dns jdk.naming.rmi jdk.net jdk.sctp jdk.security.auth jdk.security.jgss jdk.unsupported jdk.unsupported.desktop jdk.xml.dom" 
IMPLEMENTOR="JetBrains s.r.o." 
JAVA_RUNTIME_VERSION="21.0.9+-14787801-b1163.94" 
LIBC="default" 
OS_ARCH="x86_64" 
OS_NAME="Windows" 
SOURCE=".:git:0c757ddc9f2f" 

Environment Variables:
PATH=C:\Program Files\Eclipse Adoptium\jdk-17.0.18.8-hotspot\bin;C:\Program Files\Common Files\Oracle\Java\javapath;C:\WINDOWS\system32;C:\WINDOWS;C:\WINDOWS\System32\Wbem;C:\WINDOWS\System32\WindowsPowerShell\v1.0\;C:\WINDOWS\System32\OpenSSH\;C:\Program Files\Java\jdk-23\bin;C:\wamp64\bin\php\php7.4.33;C:\ProgramData\ComposerSetup\bin;C:\Program Files\Microsoft SQL Server\150\Tools\Binn\;C:\Program Files\Microsoft SQL Server\Client SDK\ODBC\170\Tools\Binn\;C:\Program Files\dotnet\;C:\Program Files (x86)\Microsoft SQL Server\160\Tools\Binn\;C:\Program Files\Microsoft SQL Server\160\Tools\Binn\;C:\Program Files\Microsoft SQL Server\160\DTS\Binn\;C:\Program Files\CMake\bin;C:\Program Files\Cloudflare\Cloudflare WARP\;C:\Program Files\Git\cmd;C:\Users\Asus\AppData\Local\Programs\Python\Python310\Scripts\;C:\Users\Asus\AppData\Local\Programs\Python\Python310\;C:\Users\Asus\AppData\Local\Programs\Python\Python313\Scripts\;C:\Users\Asus\AppData\Local\Programs\Python\Python313\;C:\Users\Asus\AppData\Local\Programs\Python\Launcher\;C:\Users\Asus\AppData\Local\Microsoft\WindowsApps;C:\Users\Asus\AppData\Local\Programs\Microsoft VS Code\bin;C:\Program Files\JetBrains\IntelliJ IDEA Community Edition 2024.3.4.1\bin;;C:\Users\Asus\AppData\Roaming\Composer\vendor\bin;C:\Users\Asus\.dotnet\tools;C:\Flutter\bin;C:\Users\Asus\AppData\Local\Programs\Antigravity\bin
USERNAME=Asus
OS=Windows_NT
PROCESSOR_IDENTIFIER=Intel64 Family 6 Model 186 Stepping 3, GenuineIntel
TMP=C:\Users\Asus\AppData\Local\Temp
TEMP=C:\Users\Asus\AppData\Local\Temp




Periodic native trim disabled

JNI global refs:
JNI global refs: 10, weak refs: 13

JNI global refs memory usage: 835, weak refs: 833

Process memory usage:
Resident Set Size: 327692K (4% of 8004760K total physical memory with 258268K free physical memory)

OOME stack traces (most recent first):
Classloader memory used:
Loader jdk.internal.loader.ClassLoaders$AppClassLoader                                 : 45546K
Loader bootstrap                                                                       : 10871K
Loader java.net.URLClassLoader                                                         : 261K

---------------  S Y S T E M  ---------------

OS:
 Windows 11 , 64 bit Build 26100 (10.0.26100.7920)
OS uptime: 0 days 7:10 hours
Hyper-V role detected

CPU: total 12 (initial active 12) (6 cores per cpu, 2 threads per core) family 6 model 186 stepping 3 microcode 0x410e, cx8, cmov, fxsr, ht, mmx, 3dnowpref, sse, sse2, sse3, ssse3, sse4.1, sse4.2, popcnt, lzcnt, tsc, tscinvbit, avx, avx2, aes, erms, clmul, bmi1, bmi2, adx, sha, fma, vzeroupper, clflush, clflushopt, clwb, hv, serialize, rdtscp, rdpid, fsrm, f16c, cet_ibt, cet_ss
Processor Information for processor 0
  Max Mhz: 1300, Current Mhz: 1300, Mhz Limit: 1300
Processor Information for processor 1
  Max Mhz: 1300, Current Mhz: 1300, Mhz Limit: 1300
Processor Information for processor 2
  Max Mhz: 1300, Current Mhz: 1300, Mhz Limit: 1300
Processor Information for processor 3
  Max Mhz: 1300, Current Mhz: 1300, Mhz Limit: 1300
Processor Information for processor 4
  Max Mhz: 1300, Current Mhz: 900, Mhz Limit: 897
Processor Information for processor 5
  Max Mhz: 1300, Current Mhz: 900, Mhz Limit: 897
Processor Information for processor 6
  Max Mhz: 1300, Current Mhz: 900, Mhz Limit: 897
Processor Information for processor 7
  Max Mhz: 1300, Current Mhz: 900, Mhz Limit: 897
Processor Information for processor 8
  Max Mhz: 1300, Current Mhz: 900, Mhz Limit: 897
Processor Information for processor 9
  Max Mhz: 1300, Current Mhz: 900, Mhz Limit: 897
Processor Information for processor 10
  Max Mhz: 1300, Current Mhz: 900, Mhz Limit: 897
Processor Information for processor 11
  Max Mhz: 1300, Current Mhz: 900, Mhz Limit: 897

Memory: 4k page, system-wide physical 7817M (248M free)
TotalPageFile size 16009M (AvailPageFile size 3M)
current process WorkingSet (physical memory assigned to process): 320M, peak: 320M
current process commit charge ("private bytes"): 389M, peak: 391M

vm_info: OpenJDK 64-Bit Server VM (21.0.9+-14787801-b1163.94) for windows-amd64 JRE (21.0.9+-14787801-b1163.94), built on 2026-01-27T21:15:44Z by "builder" with MS VC++ 16.10 / 16.11 (VS2019)

END.
